\BOOKMARK [1][-]{section.1}{Planteamiento del problema}{}% 1
\BOOKMARK [1][-]{section.2}{Objetivos}{}% 2
\BOOKMARK [2][-]{subsection.2.1}{Objetivo General}{section.2}% 3
\BOOKMARK [2][-]{subsection.2.2}{Objetivos Espec\355ficos}{section.2}% 4
\BOOKMARK [1][-]{section.3}{Dise\361o}{}% 5
\BOOKMARK [2][-]{subsection.3.1}{Primera Etapa}{section.3}% 6
\BOOKMARK [3][-]{subsubsection.3.1.1}{Adquisici\363n de datos}{subsection.3.1}% 7
\BOOKMARK [3][-]{subsubsection.3.1.2}{Amplificador de Voltaje}{subsection.3.1}% 8
\BOOKMARK [3][-]{subsubsection.3.1.3}{Conversor An\341logo Digital}{subsection.3.1}% 9
\BOOKMARK [3][-]{subsubsection.3.1.4}{Conversor Paralelo Serial}{subsection.3.1}% 10
\BOOKMARK [3][-]{subsubsection.3.1.5}{Transmisor ASK}{subsection.3.1}% 11
\BOOKMARK [3][-]{subsubsection.3.1.6}{L\355nea de Transmisi\363n}{subsection.3.1}% 12
\BOOKMARK [3][-]{subsubsection.3.1.7}{Antena}{subsection.3.1}% 13
\BOOKMARK [2][-]{subsection.3.2}{Segunda Etapa}{section.3}% 14
\BOOKMARK [3][-]{subsubsection.3.2.1}{Antena}{subsection.3.2}% 15
\BOOKMARK [3][-]{subsubsection.3.2.2}{L\355nea de Transmisi\363n}{subsection.3.2}% 16
\BOOKMARK [3][-]{subsubsection.3.2.3}{Demodulador ASK}{subsection.3.2}% 17
\BOOKMARK [3][-]{subsubsection.3.2.4}{Conversor Serial Paralelo}{subsection.3.2}% 18
\BOOKMARK [3][-]{subsubsection.3.2.5}{Conversor Digital An\341logo}{subsection.3.2}% 19
\BOOKMARK [3][-]{subsubsection.3.2.6}{Amplificador de Voltaje y Salida}{subsection.3.2}% 20
\BOOKMARK [1][-]{section.4}{Costos}{}% 21
\BOOKMARK [1][-]{section.5}{Conclusiones}{}% 22
