\BOOKMARK [1][-]{section.1}{Laboratorio 1: Amplificador Banda ancha}{}% 1
\BOOKMARK [2][-]{subsection.1.1}{Prelaboratorio}{section.1}% 2
\BOOKMARK [3][-]{subsubsection.1.1.1}{Simulaci\363n}{subsection.1.1}% 3
\BOOKMARK [2][-]{subsection.1.2}{Laboratorio}{section.1}% 4
\BOOKMARK [3][-]{subsubsection.1.2.1}{Prelaboratorio 2}{subsection.1.2}% 5
\BOOKMARK [3][-]{subsubsection.1.2.2}{Simulaci\363n}{subsection.1.2}% 6
\BOOKMARK [3][-]{subsubsection.1.2.3}{Resultados Obtenidos}{subsection.1.2}% 7
\BOOKMARK [2][-]{subsection.1.3}{Conclusiones}{section.1}% 8
\BOOKMARK [1][-]{section.2}{Laboratorio 2: Amplificador selectivo en frecuencia}{}% 9
\BOOKMARK [2][-]{subsection.2.1}{Prelaboratorio}{section.2}% 10
\BOOKMARK [3][-]{subsubsection.2.1.1}{Simulaci\363n}{subsection.2.1}% 11
\BOOKMARK [2][-]{subsection.2.2}{Laboratorio}{section.2}% 12
\BOOKMARK [3][-]{subsubsection.2.2.1}{Resultados Obtenidos - Parte 1}{subsection.2.2}% 13
\BOOKMARK [3][-]{subsubsection.2.2.2}{Resultados Obtenidos - Parte 2}{subsection.2.2}% 14
\BOOKMARK [2][-]{subsection.2.3}{Conclusiones}{section.2}% 15
\BOOKMARK [1][-]{section.3}{Laboratorio 3: Acoplador de impedancias}{}% 16
\BOOKMARK [2][-]{subsection.3.1}{Prelaboratorio}{section.3}% 17
\BOOKMARK [3][-]{subsubsection.3.1.1}{Simulaci\363n}{subsection.3.1}% 18
\BOOKMARK [2][-]{subsection.3.2}{Laboratorio}{section.3}% 19
\BOOKMARK [1][-]{section.4}{Laboratorio 4: Oscilador}{}% 20
\BOOKMARK [2][-]{subsection.4.1}{Prelaboratorio}{section.4}% 21
\BOOKMARK [2][-]{subsection.4.2}{Resultados Obtenidos}{section.4}% 22
\BOOKMARK [2][-]{subsection.4.3}{Problemas encontrados en la implementaci\363n}{section.4}% 23
\BOOKMARK [1][-]{section.5}{Laboratorio 5: Modulaci\363n AM}{}% 24
\BOOKMARK [1][-]{section.6}{Proyecto Final: Transmisi\363n de audio por medio de la red el\351ctrica}{}% 25
\BOOKMARK [2][-]{subsection.6.1}{Parte 1: Acoplador}{section.6}% 26
\BOOKMARK [2][-]{subsection.6.2}{Parte 2: Env\355o de audio}{section.6}% 27
