iMPACT Version: 12.4

iMPACT log file Started on Mon Mar  5 23:01:13 2012

Welcome to iMPACT
iMPACT Version: 12.4
Project: /home/cabas/SIE/SoftCore/lm32/logic/sakc//auto_project.ipf created.
// *** BATCH CMD : setMode -bs
GUI --- Auto connect to cable...
// *** BATCH CMD : setCable -port auto
AutoDetecting cable. Please wait.
PROGRESS_START - Starting Operation.
 OS platform = i686.
If you are using the Platform Cable USB, please refer to the USB CableInstallation Guide (UG344) to install the libusb package.
Connecting to cable (Usb Port - USB21).
Checking cable driver.
 Linux release = 2.6.32-38-generic.
WARNING:iMPACT -  Module windrvr6 is not loaded. Please reinstall the cable   drivers. See Answer Record 22648.
Cable connection failed.
 OS platform = i686.
Connecting to cable (Parallel Port - parport0).
 Linux release = 2.6.32-38-generic.
WARNING:iMPACT -  Module windrvr6 is not loaded. Please reinstall the cable   drivers. See Answer Record 22648.
 Linux release = 2.6.32-38-generic.
WARNING:iMPACT -  Module parport_pc is not loaded. Please reinstall the cable   drivers. See Answer Record 22648.
Cable connection failed.
 OS platform = i686.
Connecting to cable (Parallel Port - parport1).
 Linux release = 2.6.32-38-generic.
WARNING:iMPACT -  Module windrvr6 is not loaded. Please reinstall the cable   drivers. See Answer Record 22648.
 Linux release = 2.6.32-38-generic.
WARNING:iMPACT -  Module parport_pc is not loaded. Please reinstall the cable   drivers. See Answer Record 22648.
Cable connection failed.
 OS platform = i686.
Connecting to cable (Parallel Port - parport2).
 Linux release = 2.6.32-38-generic.
WARNING:iMPACT -  Module windrvr6 is not loaded. Please reinstall the cable   drivers. See Answer Record 22648.
 Linux release = 2.6.32-38-generic.
WARNING:iMPACT -  Module parport_pc is not loaded. Please reinstall the cable   drivers. See Answer Record 22648.
Cable connection failed.
 OS platform = i686.
Connecting to cable (Parallel Port - parport3).
 Linux release = 2.6.32-38-generic.
WARNING:iMPACT -  Module windrvr6 is not loaded. Please reinstall the cable   drivers. See Answer Record 22648.
 Linux release = 2.6.32-38-generic.
WARNING:iMPACT -  Module parport_pc is not loaded. Please reinstall the cable   drivers. See Answer Record 22648.
Cable connection failed.
PROGRESS_END - End Operation.
Elapsed time =     30 sec.
Cable autodetection failed.
WARNING:iMPACT:923 - Can not find cable, check cable setup !// *** BATCH CMD : setMode -bs
// *** BATCH CMD : setMode -ss
// *** BATCH CMD : setMode -sm
// *** BATCH CMD : setMode -hw140
// *** BATCH CMD : setMode -spi
// *** BATCH CMD : setMode -acecf
// *** BATCH CMD : setMode -acempm
// *** BATCH CMD : setMode -pff
Welcome to iMPACT
iMPACT Version: 12.4
Project: /home/cabas/SIE/SoftCore/lm32/logic/sakc//auto_project.ipf created.
// *** BATCH CMD : setMode -bs
GUI --- Auto connect to cable...
// *** BATCH CMD : setCable -port auto
AutoDetecting cable. Please wait.
PROGRESS_START - Starting Operation.
 OS platform = i686.
If you are using the Platform Cable USB, please refer to the USB CableInstallation Guide (UG344) to install the libusb package.
Connecting to cable (Usb Port - USB21).
Checking cable driver.
 Linux release = 2.6.32-38-generic.
WARNING:iMPACT -  Module windrvr6 is not loaded. Please reinstall the cable   drivers. See Answer Record 22648.
Cable connection failed.
 OS platform = i686.
Connecting to cable (Parallel Port - parport0).
 Linux release = 2.6.32-38-generic.
WARNING:iMPACT -  Module windrvr6 is not loaded. Please reinstall the cable   drivers. See Answer Record 22648.
 Linux release = 2.6.32-38-generic.
WARNING:iMPACT -  Module parport_pc is not loaded. Please reinstall the cable   drivers. See Answer Record 22648.
Cable connection failed.
 OS platform = i686.
Connecting to cable (Parallel Port - parport1).
 Linux release = 2.6.32-38-generic.
WARNING:iMPACT -  Module windrvr6 is not loaded. Please reinstall the cable   drivers. See Answer Record 22648.
 Linux release = 2.6.32-38-generic.
WARNING:iMPACT -  Module parport_pc is not loaded. Please reinstall the cable   drivers. See Answer Record 22648.
Cable connection failed.
 OS platform = i686.
Connecting to cable (Parallel Port - parport2).
 Linux release = 2.6.32-38-generic.
WARNING:iMPACT -  Module windrvr6 is not loaded. Please reinstall the cable   drivers. See Answer Record 22648.
 Linux release = 2.6.32-38-generic.
WARNING:iMPACT -  Module parport_pc is not loaded. Please reinstall the cable   drivers. See Answer Record 22648.
Cable connection failed.
 OS platform = i686.
Connecting to cable (Parallel Port - parport3).
 Linux release = 2.6.32-38-generic.
WARNING:iMPACT -  Module windrvr6 is not loaded. Please reinstall the cable   drivers. See Answer Record 22648.
 Linux release = 2.6.32-38-generic.
WARNING:iMPACT -  Module parport_pc is not loaded. Please reinstall the cable   drivers. See Answer Record 22648.
Cable connection failed.
PROGRESS_END - End Operation.
Elapsed time =      5 sec.
Cable autodetection failed.
WARNING:iMPACT:923 - Can not find cable, check cable setup !// *** BATCH CMD : setMode -bs
// *** BATCH CMD : setMode -ss
// *** BATCH CMD : setMode -sm
// *** BATCH CMD : setMode -hw140
// *** BATCH CMD : setMode -spi
// *** BATCH CMD : setMode -acecf
// *** BATCH CMD : setMode -acempm
// *** BATCH CMD : setMode -pff
Welcome to iMPACT
iMPACT Version: 12.4
Project: /home/cabas/SIE/SoftCore/lm32/logic/sakc//auto_project.ipf created.
// *** BATCH CMD : setMode -bs
Enumerating cables. Please wait.
PROGRESS_START - Starting Operation.
 OS platform = i686.
If you are using the Platform Cable USB, please refer to the USB CableInstallation Guide (UG344) to install the libusb package.
Connecting to cable (Usb Port - USB21).
Checking cable driver.
 Linux release = 2.6.32-38-generic.
WARNING:iMPACT -  Module windrvr6 is not loaded. Please reinstall the cable   drivers. See Answer Record 22648.
PROGRESS_END - End Operation.
Elapsed time =      0 sec.
ERROR:iMPACT - This function requires that a target is opened first.
Enumerating cables. Please wait.
PROGRESS_START - Starting Operation.
 OS platform = i686.
If you are using the Platform Cable USB, please refer to the USB CableInstallation Guide (UG344) to install the libusb package.
Connecting to cable (Usb Port - USB21).
Checking cable driver.
 Linux release = 2.6.32-38-generic.
WARNING:iMPACT -  Module windrvr6 is not loaded. Please reinstall the cable   drivers. See Answer Record 22648.
PROGRESS_END - End Operation.
Elapsed time =      0 sec.
Enumerating cables. Please wait.
PROGRESS_START - Starting Operation.
 OS platform = i686.
If you are using the Platform Cable USB, please refer to the USB CableInstallation Guide (UG344) to install the libusb package.
Connecting to cable (Usb Port - USB21).
Checking cable driver.
 Linux release = 2.6.32-38-generic.
WARNING:iMPACT -  Module windrvr6 is not loaded. Please reinstall the cable   drivers. See Answer Record 22648.
PROGRESS_END - End Operation.
Elapsed time =      0 sec.
Enumerating cables. Please wait.
PROGRESS_START - Starting Operation.
 OS platform = i686.
If you are using the Platform Cable USB, please refer to the USB CableInstallation Guide (UG344) to install the libusb package.
Connecting to cable (Usb Port - USB21).
Checking cable driver.
 Linux release = 2.6.32-38-generic.
WARNING:iMPACT -  Module windrvr6 is not loaded. Please reinstall the cable   drivers. See Answer Record 22648.
PROGRESS_END - End Operation.
Elapsed time =      0 sec.
// *** BATCH CMD : setCable -target "xilinx_platformusb PORT=USB21FREQUENCY=6000000"
 OS platform = i686.
If you are using the Platform Cable USB, please refer to the USB CableInstallation Guide (UG344) to install the libusb package.
Connecting to cable (Usb Port - USB21).
Checking cable driver.
 Linux release = 2.6.32-38-generic.
WARNING:iMPACT -  Module windrvr6 is not loaded. Please reinstall the cable   drivers. See Answer Record 22648.
Cable connection failed.
GUI --- Auto connect to cable...
// *** BATCH CMD : setCable -port auto
AutoDetecting cable. Please wait.
PROGRESS_START - Starting Operation.
 OS platform = i686.
If you are using the Platform Cable USB, please refer to the USB CableInstallation Guide (UG344) to install the libusb package.
Connecting to cable (Usb Port - USB21).
Checking cable driver.
 Linux release = 2.6.32-38-generic.
WARNING:iMPACT -  Module windrvr6 is not loaded. Please reinstall the cable   drivers. See Answer Record 22648.
Cable connection failed.
 OS platform = i686.
Connecting to cable (Parallel Port - parport0).
 Linux release = 2.6.32-38-generic.
WARNING:iMPACT -  Module windrvr6 is not loaded. Please reinstall the cable   drivers. See Answer Record 22648.
 Linux release = 2.6.32-38-generic.
WARNING:iMPACT -  Module parport_pc is not loaded. Please reinstall the cable   drivers. See Answer Record 22648.
Cable connection failed.
 OS platform = i686.
Connecting to cable (Parallel Port - parport1).
 Linux release = 2.6.32-38-generic.
WARNING:iMPACT -  Module windrvr6 is not loaded. Please reinstall the cable   drivers. See Answer Record 22648.
 Linux release = 2.6.32-38-generic.
WARNING:iMPACT -  Module parport_pc is not loaded. Please reinstall the cable   drivers. See Answer Record 22648.
Cable connection failed.
 OS platform = i686.
Connecting to cable (Parallel Port - parport2).
 Linux release = 2.6.32-38-generic.
WARNING:iMPACT -  Module windrvr6 is not loaded. Please reinstall the cable   drivers. See Answer Record 22648.
 Linux release = 2.6.32-38-generic.
WARNING:iMPACT -  Module parport_pc is not loaded. Please reinstall the cable   drivers. See Answer Record 22648.
Cable connection failed.
 OS platform = i686.
Connecting to cable (Parallel Port - parport3).
 Linux release = 2.6.32-38-generic.
WARNING:iMPACT -  Module windrvr6 is not loaded. Please reinstall the cable   drivers. See Answer Record 22648.
 Linux release = 2.6.32-38-generic.
WARNING:iMPACT -  Module parport_pc is not loaded. Please reinstall the cable   drivers. See Answer Record 22648.
Cable connection failed.
PROGRESS_END - End Operation.
Elapsed time =      5 sec.
Cable autodetection failed.
WARNING:iMPACT:923 - Can not find cable, check cable setup !INFO:iMPACT - User_EnvOsname: 'Ubuntu'
INFO:iMPACT - User_EnvOsrelease: 'Ubuntu 10.04.4 LTS'
// *** BATCH CMD : setMode -bs
INFO:iMPACT - Launching WebTalk, please refer to the webtalk log at   /home/cabas/SIE/SoftCore/lm32/logic/sakc/webtalk.log for details.
INFO:iMPACT - Running wbtc successfully.
// *** BATCH CMD : setMode -bs
// *** BATCH CMD : setMode -ss
// *** BATCH CMD : setMode -sm
// *** BATCH CMD : setMode -hw140
// *** BATCH CMD : setMode -spi
// *** BATCH CMD : setMode -acecf
// *** BATCH CMD : setMode -acempm
// *** BATCH CMD : setMode -pff
