
image:     file format elf32-lm32

Sections:
Idx Name          Size      VMA       LMA       File off  Algn
  0 .text         00000ca0  00000000  00000000  00000054  2**2
                  CONTENTS, ALLOC, LOAD, CODE
  1 .rodata       00000114  00000ca0  00000ca0  00000cf4  2**2
                  CONTENTS, ALLOC, LOAD, READONLY, DATA
  2 .data         00000014  00000db4  00000db4  00000e08  2**2
                  CONTENTS, ALLOC, LOAD, DATA
  3 .bss          00000004  00000dc8  00000dc8  00000e1c  2**2
                  ALLOC
  4 .comment      00000027  00000000  00000000  00000e1c  2**0
                  CONTENTS, READONLY

Disassembly of section .text:

00000000 <_ftext>:
   0:	98 00 00 00 	xor r0,r0,r0
   4:	d0 00 00 00 	wcsr IE,r0
   8:	78 01 00 00 	mvhi r1,0x0
   c:	38 21 00 00 	ori r1,r1,0x0
  10:	d0 e1 00 00 	wcsr EBA,r1
  14:	f8 00 00 03 	calli 20 <_crt0>
  18:	34 00 00 00 	nop
  1c:	34 00 00 00 	nop

00000020 <_crt0>:
  20:	78 1c 00 00 	mvhi sp,0x0
  24:	3b 9c 3f fc 	ori sp,sp,0x3ffc
  28:	78 1a 00 00 	mvhi gp,0x0
  2c:	3b 5a 0d d0 	ori gp,gp,0xdd0
  30:	78 01 00 00 	mvhi r1,0x0
  34:	38 21 0d c8 	ori r1,r1,0xdc8
  38:	78 03 00 00 	mvhi r3,0x0
  3c:	38 63 0d cc 	ori r3,r3,0xdcc

00000040 <.clearBSS>:
  40:	44 23 00 04 	be r1,r3,50 <.callMain>
  44:	58 20 00 00 	sw (r1+0),r0
  48:	34 21 00 04 	addi r1,r1,4
  4c:	e3 ff ff fd 	bi 40 <.clearBSS>

00000050 <.callMain>:
  50:	34 01 00 00 	mvi r1,0
  54:	34 02 00 00 	mvi r2,0
  58:	34 03 00 00 	mvi r3,0
  5c:	f8 00 01 16 	calli 4b4 <main>

00000060 <irq_enable>:
  60:	34 01 00 01 	mvi r1,1
  64:	d0 01 00 00 	wcsr IE,r1
  68:	c3 a0 00 00 	ret

0000006c <irq_mask>:
  6c:	34 01 00 0f 	mvi r1,15
  70:	d0 21 00 00 	wcsr IM,r1
  74:	c3 a0 00 00 	ret

00000078 <irq_disable>:
  78:	34 01 00 00 	mvi r1,0
  7c:	d0 01 00 00 	wcsr IE,r1
  80:	c3 a0 00 00 	ret

00000084 <jump>:
  84:	c0 20 00 00 	b r1

00000088 <halt>:
  88:	e0 00 00 00 	bi 88 <halt>

0000008c <uart_get_putint>:
  8c:	37 9c ff f0 	addi sp,sp,-16
  90:	5b 9d 00 04 	sw (sp+4),ra
  94:	34 01 00 00 	mvi r1,0
  98:	5b 81 00 0c 	sw (sp+12),r1
  9c:	34 01 00 00 	mvi r1,0
  a0:	5b 81 00 10 	sw (sp+16),r1
  a4:	e0 00 00 13 	bi f0 <uart_get_putint+0x64>
  a8:	2b 81 00 0c 	lw r1,(sp+12)
  ac:	3c 21 00 01 	sli r1,r1,1
  b0:	3c 22 00 02 	sli r2,r1,2
  b4:	b4 22 08 00 	add r1,r1,r2
  b8:	5b 81 00 0c 	sw (sp+12),r1
  bc:	f8 00 02 c1 	calli bc0 <uart_getchar>
  c0:	5b 81 00 08 	sw (sp+8),r1
  c4:	2b 81 00 08 	lw r1,(sp+8)
  c8:	20 21 00 ff 	andi r1,r1,0xff
  cc:	f8 00 02 cf 	calli c08 <uart_putchar>
  d0:	2b 82 00 0c 	lw r2,(sp+12)
  d4:	2b 81 00 08 	lw r1,(sp+8)
  d8:	b4 41 08 00 	add r1,r2,r1
  dc:	34 21 ff d0 	addi r1,r1,-48
  e0:	5b 81 00 0c 	sw (sp+12),r1
  e4:	2b 81 00 10 	lw r1,(sp+16)
  e8:	34 21 00 01 	addi r1,r1,1
  ec:	5b 81 00 10 	sw (sp+16),r1
  f0:	2b 81 00 10 	lw r1,(sp+16)
  f4:	34 02 00 02 	mvi r2,2
  f8:	4c 41 ff ec 	bge r2,r1,a8 <uart_get_putint+0x1c>
  fc:	2b 81 00 0c 	lw r1,(sp+12)
 100:	2b 9d 00 04 	lw ra,(sp+4)
 104:	37 9c 00 10 	addi sp,sp,16
 108:	c3 a0 00 00 	ret

0000010c <update_display_state>:
 10c:	37 9c ff f4 	addi sp,sp,-12
 110:	5b 9d 00 04 	sw (sp+4),ra
 114:	5b 81 00 0c 	sw (sp+12),r1
 118:	5b 82 00 08 	sw (sp+8),r2
 11c:	78 01 00 00 	mvhi r1,0x0
 120:	38 21 0d b8 	ori r1,r1,0xdb8
 124:	28 22 00 00 	lw r2,(r1+0)
 128:	2b 81 00 08 	lw r1,(sp+8)
 12c:	3c 21 00 02 	sli r1,r1,2
 130:	b4 41 08 00 	add r1,r2,r1
 134:	34 21 00 04 	addi r1,r1,4
 138:	28 22 00 00 	lw r2,(r1+0)
 13c:	34 01 00 03 	mvi r1,3
 140:	48 41 00 16 	bg r2,r1,198 <update_display_state+0x8c>
 144:	2b 82 00 0c 	lw r2,(sp+12)
 148:	34 01 00 01 	mvi r1,1
 14c:	5c 41 00 27 	bne r2,r1,1e8 <update_display_state+0xdc>
 150:	78 01 00 00 	mvhi r1,0x0
 154:	38 21 0d b8 	ori r1,r1,0xdb8
 158:	28 23 00 00 	lw r3,(r1+0)
 15c:	78 01 00 00 	mvhi r1,0x0
 160:	38 21 0d b8 	ori r1,r1,0xdb8
 164:	28 22 00 00 	lw r2,(r1+0)
 168:	2b 81 00 08 	lw r1,(sp+8)
 16c:	3c 21 00 02 	sli r1,r1,2
 170:	b4 41 08 00 	add r1,r2,r1
 174:	34 21 00 04 	addi r1,r1,4
 178:	28 21 00 00 	lw r1,(r1+0)
 17c:	34 22 00 04 	addi r2,r1,4
 180:	2b 81 00 08 	lw r1,(sp+8)
 184:	3c 21 00 02 	sli r1,r1,2
 188:	b4 61 08 00 	add r1,r3,r1
 18c:	34 21 00 04 	addi r1,r1,4
 190:	58 22 00 00 	sw (r1+0),r2
 194:	e0 00 00 15 	bi 1e8 <update_display_state+0xdc>
 198:	2b 82 00 0c 	lw r2,(sp+12)
 19c:	34 01 00 00 	mvi r1,0
 1a0:	5c 41 00 12 	bne r2,r1,1e8 <update_display_state+0xdc>
 1a4:	78 01 00 00 	mvhi r1,0x0
 1a8:	38 21 0d b8 	ori r1,r1,0xdb8
 1ac:	28 23 00 00 	lw r3,(r1+0)
 1b0:	78 01 00 00 	mvhi r1,0x0
 1b4:	38 21 0d b8 	ori r1,r1,0xdb8
 1b8:	28 22 00 00 	lw r2,(r1+0)
 1bc:	2b 81 00 08 	lw r1,(sp+8)
 1c0:	3c 21 00 02 	sli r1,r1,2
 1c4:	b4 41 08 00 	add r1,r2,r1
 1c8:	34 21 00 04 	addi r1,r1,4
 1cc:	28 21 00 00 	lw r1,(r1+0)
 1d0:	34 22 ff fc 	addi r2,r1,-4
 1d4:	2b 81 00 08 	lw r1,(sp+8)
 1d8:	3c 21 00 02 	sli r1,r1,2
 1dc:	b4 61 08 00 	add r1,r3,r1
 1e0:	34 21 00 04 	addi r1,r1,4
 1e4:	58 22 00 00 	sw (r1+0),r2
 1e8:	2b 9d 00 04 	lw ra,(sp+4)
 1ec:	37 9c 00 0c 	addi sp,sp,12
 1f0:	c3 a0 00 00 	ret

000001f4 <update_display_criticall>:
 1f4:	37 9c ff f4 	addi sp,sp,-12
 1f8:	5b 9d 00 04 	sw (sp+4),ra
 1fc:	5b 81 00 0c 	sw (sp+12),r1
 200:	5b 82 00 08 	sw (sp+8),r2
 204:	78 01 00 00 	mvhi r1,0x0
 208:	38 21 0d b8 	ori r1,r1,0xdb8
 20c:	28 22 00 00 	lw r2,(r1+0)
 210:	2b 81 00 08 	lw r1,(sp+8)
 214:	3c 21 00 02 	sli r1,r1,2
 218:	b4 41 08 00 	add r1,r2,r1
 21c:	34 21 00 04 	addi r1,r1,4
 220:	28 22 00 00 	lw r2,(r1+0)
 224:	34 01 00 00 	mvi r1,0
 228:	44 41 00 1f 	be r2,r1,2a4 <update_display_criticall+0xb0>
 22c:	78 01 00 00 	mvhi r1,0x0
 230:	38 21 0d b8 	ori r1,r1,0xdb8
 234:	28 22 00 00 	lw r2,(r1+0)
 238:	2b 81 00 08 	lw r1,(sp+8)
 23c:	3c 21 00 02 	sli r1,r1,2
 240:	b4 41 08 00 	add r1,r2,r1
 244:	34 21 00 04 	addi r1,r1,4
 248:	28 22 00 00 	lw r2,(r1+0)
 24c:	34 01 00 01 	mvi r1,1
 250:	44 41 00 15 	be r2,r1,2a4 <update_display_criticall+0xb0>
 254:	78 01 00 00 	mvhi r1,0x0
 258:	38 21 0d b8 	ori r1,r1,0xdb8
 25c:	28 22 00 00 	lw r2,(r1+0)
 260:	2b 81 00 08 	lw r1,(sp+8)
 264:	3c 21 00 02 	sli r1,r1,2
 268:	b4 41 08 00 	add r1,r2,r1
 26c:	34 21 00 04 	addi r1,r1,4
 270:	28 22 00 00 	lw r2,(r1+0)
 274:	34 01 00 04 	mvi r1,4
 278:	44 41 00 0b 	be r2,r1,2a4 <update_display_criticall+0xb0>
 27c:	78 01 00 00 	mvhi r1,0x0
 280:	38 21 0d b8 	ori r1,r1,0xdb8
 284:	28 22 00 00 	lw r2,(r1+0)
 288:	2b 81 00 08 	lw r1,(sp+8)
 28c:	3c 21 00 02 	sli r1,r1,2
 290:	b4 41 08 00 	add r1,r2,r1
 294:	34 21 00 04 	addi r1,r1,4
 298:	28 22 00 00 	lw r2,(r1+0)
 29c:	34 01 00 05 	mvi r1,5
 2a0:	5c 41 00 16 	bne r2,r1,2f8 <update_display_criticall+0x104>
 2a4:	2b 82 00 0c 	lw r2,(sp+12)
 2a8:	34 01 00 01 	mvi r1,1
 2ac:	5c 41 00 27 	bne r2,r1,348 <update_display_criticall+0x154>
 2b0:	78 01 00 00 	mvhi r1,0x0
 2b4:	38 21 0d b8 	ori r1,r1,0xdb8
 2b8:	28 23 00 00 	lw r3,(r1+0)
 2bc:	78 01 00 00 	mvhi r1,0x0
 2c0:	38 21 0d b8 	ori r1,r1,0xdb8
 2c4:	28 22 00 00 	lw r2,(r1+0)
 2c8:	2b 81 00 08 	lw r1,(sp+8)
 2cc:	3c 21 00 02 	sli r1,r1,2
 2d0:	b4 41 08 00 	add r1,r2,r1
 2d4:	34 21 00 04 	addi r1,r1,4
 2d8:	28 21 00 00 	lw r1,(r1+0)
 2dc:	34 22 00 02 	addi r2,r1,2
 2e0:	2b 81 00 08 	lw r1,(sp+8)
 2e4:	3c 21 00 02 	sli r1,r1,2
 2e8:	b4 61 08 00 	add r1,r3,r1
 2ec:	34 21 00 04 	addi r1,r1,4
 2f0:	58 22 00 00 	sw (r1+0),r2
 2f4:	e0 00 00 15 	bi 348 <update_display_criticall+0x154>
 2f8:	2b 82 00 0c 	lw r2,(sp+12)
 2fc:	34 01 00 00 	mvi r1,0
 300:	5c 41 00 12 	bne r2,r1,348 <update_display_criticall+0x154>
 304:	78 01 00 00 	mvhi r1,0x0
 308:	38 21 0d b8 	ori r1,r1,0xdb8
 30c:	28 23 00 00 	lw r3,(r1+0)
 310:	78 01 00 00 	mvhi r1,0x0
 314:	38 21 0d b8 	ori r1,r1,0xdb8
 318:	28 22 00 00 	lw r2,(r1+0)
 31c:	2b 81 00 08 	lw r1,(sp+8)
 320:	3c 21 00 02 	sli r1,r1,2
 324:	b4 41 08 00 	add r1,r2,r1
 328:	34 21 00 04 	addi r1,r1,4
 32c:	28 21 00 00 	lw r1,(r1+0)
 330:	34 22 ff fe 	addi r2,r1,-2
 334:	2b 81 00 08 	lw r1,(sp+8)
 338:	3c 21 00 02 	sli r1,r1,2
 33c:	b4 61 08 00 	add r1,r3,r1
 340:	34 21 00 04 	addi r1,r1,4
 344:	58 22 00 00 	sw (r1+0),r2
 348:	2b 9d 00 04 	lw ra,(sp+4)
 34c:	37 9c 00 0c 	addi sp,sp,12
 350:	c3 a0 00 00 	ret

00000354 <update_display_criticalh>:
 354:	37 9c ff f4 	addi sp,sp,-12
 358:	5b 9d 00 04 	sw (sp+4),ra
 35c:	5b 81 00 0c 	sw (sp+12),r1
 360:	5b 82 00 08 	sw (sp+8),r2
 364:	78 01 00 00 	mvhi r1,0x0
 368:	38 21 0d b8 	ori r1,r1,0xdb8
 36c:	28 22 00 00 	lw r2,(r1+0)
 370:	2b 81 00 08 	lw r1,(sp+8)
 374:	3c 21 00 02 	sli r1,r1,2
 378:	b4 41 08 00 	add r1,r2,r1
 37c:	34 21 00 04 	addi r1,r1,4
 380:	28 22 00 00 	lw r2,(r1+0)
 384:	34 01 00 00 	mvi r1,0
 388:	44 41 00 1f 	be r2,r1,404 <update_display_criticalh+0xb0>
 38c:	78 01 00 00 	mvhi r1,0x0
 390:	38 21 0d b8 	ori r1,r1,0xdb8
 394:	28 22 00 00 	lw r2,(r1+0)
 398:	2b 81 00 08 	lw r1,(sp+8)
 39c:	3c 21 00 02 	sli r1,r1,2
 3a0:	b4 41 08 00 	add r1,r2,r1
 3a4:	34 21 00 04 	addi r1,r1,4
 3a8:	28 22 00 00 	lw r2,(r1+0)
 3ac:	34 01 00 02 	mvi r1,2
 3b0:	44 41 00 15 	be r2,r1,404 <update_display_criticalh+0xb0>
 3b4:	78 01 00 00 	mvhi r1,0x0
 3b8:	38 21 0d b8 	ori r1,r1,0xdb8
 3bc:	28 22 00 00 	lw r2,(r1+0)
 3c0:	2b 81 00 08 	lw r1,(sp+8)
 3c4:	3c 21 00 02 	sli r1,r1,2
 3c8:	b4 41 08 00 	add r1,r2,r1
 3cc:	34 21 00 04 	addi r1,r1,4
 3d0:	28 22 00 00 	lw r2,(r1+0)
 3d4:	34 01 00 04 	mvi r1,4
 3d8:	44 41 00 0b 	be r2,r1,404 <update_display_criticalh+0xb0>
 3dc:	78 01 00 00 	mvhi r1,0x0
 3e0:	38 21 0d b8 	ori r1,r1,0xdb8
 3e4:	28 22 00 00 	lw r2,(r1+0)
 3e8:	2b 81 00 08 	lw r1,(sp+8)
 3ec:	3c 21 00 02 	sli r1,r1,2
 3f0:	b4 41 08 00 	add r1,r2,r1
 3f4:	34 21 00 04 	addi r1,r1,4
 3f8:	28 22 00 00 	lw r2,(r1+0)
 3fc:	34 01 00 06 	mvi r1,6
 400:	5c 41 00 16 	bne r2,r1,458 <update_display_criticalh+0x104>
 404:	2b 82 00 0c 	lw r2,(sp+12)
 408:	34 01 00 01 	mvi r1,1
 40c:	5c 41 00 27 	bne r2,r1,4a8 <update_display_criticalh+0x154>
 410:	78 01 00 00 	mvhi r1,0x0
 414:	38 21 0d b8 	ori r1,r1,0xdb8
 418:	28 23 00 00 	lw r3,(r1+0)
 41c:	78 01 00 00 	mvhi r1,0x0
 420:	38 21 0d b8 	ori r1,r1,0xdb8
 424:	28 22 00 00 	lw r2,(r1+0)
 428:	2b 81 00 08 	lw r1,(sp+8)
 42c:	3c 21 00 02 	sli r1,r1,2
 430:	b4 41 08 00 	add r1,r2,r1
 434:	34 21 00 04 	addi r1,r1,4
 438:	28 21 00 00 	lw r1,(r1+0)
 43c:	34 22 00 01 	addi r2,r1,1
 440:	2b 81 00 08 	lw r1,(sp+8)
 444:	3c 21 00 02 	sli r1,r1,2
 448:	b4 61 08 00 	add r1,r3,r1
 44c:	34 21 00 04 	addi r1,r1,4
 450:	58 22 00 00 	sw (r1+0),r2
 454:	e0 00 00 15 	bi 4a8 <update_display_criticalh+0x154>
 458:	2b 82 00 0c 	lw r2,(sp+12)
 45c:	34 01 00 00 	mvi r1,0
 460:	5c 41 00 12 	bne r2,r1,4a8 <update_display_criticalh+0x154>
 464:	78 01 00 00 	mvhi r1,0x0
 468:	38 21 0d b8 	ori r1,r1,0xdb8
 46c:	28 23 00 00 	lw r3,(r1+0)
 470:	78 01 00 00 	mvhi r1,0x0
 474:	38 21 0d b8 	ori r1,r1,0xdb8
 478:	28 22 00 00 	lw r2,(r1+0)
 47c:	2b 81 00 08 	lw r1,(sp+8)
 480:	3c 21 00 02 	sli r1,r1,2
 484:	b4 41 08 00 	add r1,r2,r1
 488:	34 21 00 04 	addi r1,r1,4
 48c:	28 21 00 00 	lw r1,(r1+0)
 490:	34 22 ff ff 	addi r2,r1,-1
 494:	2b 81 00 08 	lw r1,(sp+8)
 498:	3c 21 00 02 	sli r1,r1,2
 49c:	b4 61 08 00 	add r1,r3,r1
 4a0:	34 21 00 04 	addi r1,r1,4
 4a4:	58 22 00 00 	sw (r1+0),r2
 4a8:	2b 9d 00 04 	lw ra,(sp+4)
 4ac:	37 9c 00 0c 	addi sp,sp,12
 4b0:	c3 a0 00 00 	ret

000004b4 <main>:
 4b4:	37 9c fe ac 	addi sp,sp,-340
 4b8:	5b 9d 00 04 	sw (sp+4),ra
 4bc:	5b 81 00 0c 	sw (sp+12),r1
 4c0:	5b 82 00 08 	sw (sp+8),r2
 4c4:	78 01 00 00 	mvhi r1,0x0
 4c8:	38 21 0d b4 	ori r1,r1,0xdb4
 4cc:	28 21 00 00 	lw r1,(r1+0)
 4d0:	34 02 00 01 	mvi r2,1
 4d4:	58 22 00 00 	sw (r1+0),r2
 4d8:	78 01 00 00 	mvhi r1,0x0
 4dc:	38 21 0d b8 	ori r1,r1,0xdb8
 4e0:	28 21 00 00 	lw r1,(r1+0)
 4e4:	34 02 00 01 	mvi r2,1
 4e8:	58 22 00 00 	sw (r1+0),r2
 4ec:	78 01 00 00 	mvhi r1,0x0
 4f0:	38 21 0d c4 	ori r1,r1,0xdc4
 4f4:	28 21 00 00 	lw r1,(r1+0)
 4f8:	34 02 00 01 	mvi r2,1
 4fc:	58 22 00 04 	sw (r1+4),r2
 500:	34 01 00 00 	mvi r1,0
 504:	5b 81 01 50 	sw (sp+336),r1
 508:	34 01 00 00 	mvi r1,0
 50c:	5b 81 01 50 	sw (sp+336),r1
 510:	e0 00 00 0d 	bi 544 <main+0x90>
 514:	78 01 00 00 	mvhi r1,0x0
 518:	38 21 0d b8 	ori r1,r1,0xdb8
 51c:	28 22 00 00 	lw r2,(r1+0)
 520:	2b 81 01 50 	lw r1,(sp+336)
 524:	3c 21 00 02 	sli r1,r1,2
 528:	b4 41 08 00 	add r1,r2,r1
 52c:	34 21 00 04 	addi r1,r1,4
 530:	34 02 00 00 	mvi r2,0
 534:	58 22 00 00 	sw (r1+0),r2
 538:	2b 81 01 50 	lw r1,(sp+336)
 53c:	34 21 00 01 	addi r1,r1,1
 540:	5b 81 01 50 	sw (sp+336),r1
 544:	2b 81 01 50 	lw r1,(sp+336)
 548:	34 02 00 07 	mvi r2,7
 54c:	4c 41 ff f2 	bge r2,r1,514 <main+0x60>
 550:	78 01 00 00 	mvhi r1,0x0
 554:	38 21 0c a0 	ori r1,r1,0xca0
 558:	f8 00 01 bf 	calli c54 <uart_putstr>
 55c:	78 01 00 00 	mvhi r1,0x0
 560:	38 21 0c a0 	ori r1,r1,0xca0
 564:	f8 00 01 bc 	calli c54 <uart_putstr>
 568:	78 01 00 00 	mvhi r1,0x0
 56c:	38 21 0c a8 	ori r1,r1,0xca8
 570:	f8 00 01 b9 	calli c54 <uart_putstr>
 574:	78 01 00 00 	mvhi r1,0x0
 578:	38 21 0c dc 	ori r1,r1,0xcdc
 57c:	f8 00 01 b6 	calli c54 <uart_putstr>
 580:	34 01 00 00 	mvi r1,0
 584:	5b 81 01 54 	sw (sp+340),r1
 588:	e0 00 00 39 	bi 66c <main+0x1b8>
 58c:	78 01 00 00 	mvhi r1,0x0
 590:	38 21 0d 10 	ori r1,r1,0xd10
 594:	f8 00 01 b0 	calli c54 <uart_putstr>
 598:	2b 81 01 54 	lw r1,(sp+340)
 59c:	20 21 00 ff 	andi r1,r1,0xff
 5a0:	34 21 00 30 	addi r1,r1,48
 5a4:	20 21 00 ff 	andi r1,r1,0xff
 5a8:	f8 00 01 98 	calli c08 <uart_putchar>
 5ac:	78 01 00 00 	mvhi r1,0x0
 5b0:	38 21 0d 1c 	ori r1,r1,0xd1c
 5b4:	f8 00 01 a8 	calli c54 <uart_putstr>
 5b8:	fb ff fe b5 	calli 8c <uart_get_putint>
 5bc:	b8 20 18 00 	mv r3,r1
 5c0:	2b 81 01 54 	lw r1,(sp+340)
 5c4:	3c 21 00 02 	sli r1,r1,2
 5c8:	3c 22 00 02 	sli r2,r1,2
 5cc:	c8 41 10 00 	sub r2,r2,r1
 5d0:	37 81 01 58 	addi r1,sp,344
 5d4:	b4 22 08 00 	add r1,r1,r2
 5d8:	34 21 ff 90 	addi r1,r1,-112
 5dc:	58 23 00 00 	sw (r1+0),r3
 5e0:	78 01 00 00 	mvhi r1,0x0
 5e4:	38 21 0d 24 	ori r1,r1,0xd24
 5e8:	f8 00 01 9b 	calli c54 <uart_putstr>
 5ec:	fb ff fe a8 	calli 8c <uart_get_putint>
 5f0:	b8 20 18 00 	mv r3,r1
 5f4:	2b 81 01 54 	lw r1,(sp+340)
 5f8:	3c 21 00 02 	sli r1,r1,2
 5fc:	3c 22 00 02 	sli r2,r1,2
 600:	c8 41 10 00 	sub r2,r2,r1
 604:	37 81 01 58 	addi r1,sp,344
 608:	b4 22 08 00 	add r1,r1,r2
 60c:	34 21 ff 94 	addi r1,r1,-108
 610:	58 23 00 00 	sw (r1+0),r3
 614:	78 01 00 00 	mvhi r1,0x0
 618:	38 21 0d 24 	ori r1,r1,0xd24
 61c:	f8 00 01 8e 	calli c54 <uart_putstr>
 620:	fb ff fe 9b 	calli 8c <uart_get_putint>
 624:	b8 20 18 00 	mv r3,r1
 628:	2b 81 01 54 	lw r1,(sp+340)
 62c:	3c 21 00 02 	sli r1,r1,2
 630:	3c 22 00 02 	sli r2,r1,2
 634:	c8 41 10 00 	sub r2,r2,r1
 638:	37 81 01 58 	addi r1,sp,344
 63c:	b4 22 08 00 	add r1,r1,r2
 640:	34 21 ff 98 	addi r1,r1,-104
 644:	58 23 00 00 	sw (r1+0),r3
 648:	78 01 00 00 	mvhi r1,0x0
 64c:	38 21 0d 30 	ori r1,r1,0xd30
 650:	f8 00 01 81 	calli c54 <uart_putstr>
 654:	78 01 00 00 	mvhi r1,0x0
 658:	38 21 0d 38 	ori r1,r1,0xd38
 65c:	f8 00 01 7e 	calli c54 <uart_putstr>
 660:	2b 81 01 54 	lw r1,(sp+340)
 664:	34 21 00 01 	addi r1,r1,1
 668:	5b 81 01 54 	sw (sp+340),r1
 66c:	2b 81 01 54 	lw r1,(sp+340)
 670:	34 02 00 07 	mvi r2,7
 674:	4c 41 ff c6 	bge r2,r1,58c <main+0xd8>
 678:	78 01 00 00 	mvhi r1,0x0
 67c:	38 21 0d 3c 	ori r1,r1,0xd3c
 680:	f8 00 01 75 	calli c54 <uart_putstr>
 684:	78 01 00 00 	mvhi r1,0x0
 688:	38 21 0d 3c 	ori r1,r1,0xd3c
 68c:	f8 00 01 72 	calli c54 <uart_putstr>
 690:	78 01 00 00 	mvhi r1,0x0
 694:	38 21 0d 40 	ori r1,r1,0xd40
 698:	f8 00 01 6f 	calli c54 <uart_putstr>
 69c:	78 01 00 00 	mvhi r1,0x0
 6a0:	38 21 0d 70 	ori r1,r1,0xd70
 6a4:	f8 00 01 6c 	calli c54 <uart_putstr>
 6a8:	34 01 00 00 	mvi r1,0
 6ac:	5b 81 01 50 	sw (sp+336),r1
 6b0:	e0 00 00 3a 	bi 798 <main+0x2e4>
 6b4:	78 01 00 00 	mvhi r1,0x0
 6b8:	38 21 0d a0 	ori r1,r1,0xda0
 6bc:	f8 00 01 66 	calli c54 <uart_putstr>
 6c0:	fb ff fe 73 	calli 8c <uart_get_putint>
 6c4:	5b 81 01 48 	sw (sp+328),r1
 6c8:	2b 81 01 48 	lw r1,(sp+328)
 6cc:	34 22 ff d0 	addi r2,r1,-48
 6d0:	2b 81 01 54 	lw r1,(sp+340)
 6d4:	3c 21 00 02 	sli r1,r1,2
 6d8:	3c 23 00 03 	sli r3,r1,3
 6dc:	b4 23 08 00 	add r1,r1,r3
 6e0:	37 83 01 58 	addi r3,sp,344
 6e4:	b4 61 08 00 	add r1,r3,r1
 6e8:	34 21 fe b8 	addi r1,r1,-328
 6ec:	58 22 00 00 	sw (r1+0),r2
 6f0:	78 01 00 00 	mvhi r1,0x0
 6f4:	38 21 0d a4 	ori r1,r1,0xda4
 6f8:	f8 00 01 57 	calli c54 <uart_putstr>
 6fc:	34 01 00 01 	mvi r1,1
 700:	5b 81 01 4c 	sw (sp+332),r1
 704:	e0 00 00 1c 	bi 774 <main+0x2c0>
 708:	78 01 00 00 	mvhi r1,0x0
 70c:	38 21 0d ac 	ori r1,r1,0xdac
 710:	f8 00 01 51 	calli c54 <uart_putstr>
 714:	f8 00 01 2b 	calli bc0 <uart_getchar>
 718:	5b 81 01 48 	sw (sp+328),r1
 71c:	2b 81 01 48 	lw r1,(sp+328)
 720:	20 21 00 ff 	andi r1,r1,0xff
 724:	f8 00 01 39 	calli c08 <uart_putchar>
 728:	2b 81 01 48 	lw r1,(sp+328)
 72c:	34 23 ff d0 	addi r3,r1,-48
 730:	2b 82 01 54 	lw r2,(sp+340)
 734:	b8 40 08 00 	mv r1,r2
 738:	3c 21 00 03 	sli r1,r1,3
 73c:	b4 22 08 00 	add r1,r1,r2
 740:	2b 82 01 50 	lw r2,(sp+336)
 744:	b4 22 08 00 	add r1,r1,r2
 748:	3c 21 00 02 	sli r1,r1,2
 74c:	37 82 01 58 	addi r2,sp,344
 750:	b4 41 08 00 	add r1,r2,r1
 754:	34 21 fe b8 	addi r1,r1,-328
 758:	58 23 00 00 	sw (r1+0),r3
 75c:	78 01 00 00 	mvhi r1,0x0
 760:	38 21 0d b0 	ori r1,r1,0xdb0
 764:	f8 00 01 3c 	calli c54 <uart_putstr>
 768:	2b 81 01 4c 	lw r1,(sp+332)
 76c:	34 21 00 01 	addi r1,r1,1
 770:	5b 81 01 4c 	sw (sp+332),r1
 774:	2b 81 01 4c 	lw r1,(sp+332)
 778:	34 02 00 08 	mvi r2,8
 77c:	4c 41 ff e3 	bge r2,r1,708 <main+0x254>
 780:	78 01 00 00 	mvhi r1,0x0
 784:	38 21 0d 3c 	ori r1,r1,0xd3c
 788:	f8 00 01 33 	calli c54 <uart_putstr>
 78c:	2b 81 01 50 	lw r1,(sp+336)
 790:	34 21 00 01 	addi r1,r1,1
 794:	5b 81 01 50 	sw (sp+336),r1
 798:	2b 81 01 50 	lw r1,(sp+336)
 79c:	34 02 00 05 	mvi r2,5
 7a0:	4c 41 ff c5 	bge r2,r1,6b4 <main+0x200>
 7a4:	34 01 00 00 	mvi r1,0
 7a8:	5b 81 01 54 	sw (sp+340),r1
 7ac:	e0 00 00 c8 	bi acc <main+0x618>
 7b0:	78 01 00 00 	mvhi r1,0x0
 7b4:	38 21 0d b4 	ori r1,r1,0xdb4
 7b8:	28 22 00 00 	lw r2,(r1+0)
 7bc:	2b 81 01 54 	lw r1,(sp+340)
 7c0:	3c 21 00 02 	sli r1,r1,2
 7c4:	b4 41 08 00 	add r1,r2,r1
 7c8:	34 21 00 04 	addi r1,r1,4
 7cc:	28 23 00 00 	lw r3,(r1+0)
 7d0:	2b 81 01 54 	lw r1,(sp+340)
 7d4:	3c 21 00 02 	sli r1,r1,2
 7d8:	3c 22 00 02 	sli r2,r1,2
 7dc:	c8 41 10 00 	sub r2,r2,r1
 7e0:	37 81 01 58 	addi r1,sp,344
 7e4:	b4 22 08 00 	add r1,r1,r2
 7e8:	34 21 ff 90 	addi r1,r1,-112
 7ec:	28 21 00 00 	lw r1,(r1+0)
 7f0:	48 23 00 08 	bg r1,r3,810 <main+0x35c>
 7f4:	34 01 00 01 	mvi r1,1
 7f8:	2b 82 01 54 	lw r2,(sp+340)
 7fc:	fb ff fe d6 	calli 354 <update_display_criticalh>
 800:	34 01 00 00 	mvi r1,0
 804:	2b 82 01 54 	lw r2,(sp+340)
 808:	fb ff fe 7b 	calli 1f4 <update_display_criticall>
 80c:	e0 00 00 1f 	bi 888 <main+0x3d4>
 810:	78 01 00 00 	mvhi r1,0x0
 814:	38 21 0d b4 	ori r1,r1,0xdb4
 818:	28 22 00 00 	lw r2,(r1+0)
 81c:	2b 81 01 54 	lw r1,(sp+340)
 820:	3c 21 00 02 	sli r1,r1,2
 824:	b4 41 08 00 	add r1,r2,r1
 828:	34 21 00 04 	addi r1,r1,4
 82c:	28 23 00 00 	lw r3,(r1+0)
 830:	2b 81 01 54 	lw r1,(sp+340)
 834:	3c 21 00 02 	sli r1,r1,2
 838:	3c 22 00 02 	sli r2,r1,2
 83c:	c8 41 10 00 	sub r2,r2,r1
 840:	37 81 01 58 	addi r1,sp,344
 844:	b4 22 08 00 	add r1,r1,r2
 848:	34 21 ff 94 	addi r1,r1,-108
 84c:	28 21 00 00 	lw r1,(r1+0)
 850:	48 61 00 08 	bg r3,r1,870 <main+0x3bc>
 854:	34 01 00 01 	mvi r1,1
 858:	2b 82 01 54 	lw r2,(sp+340)
 85c:	fb ff fe 66 	calli 1f4 <update_display_criticall>
 860:	34 01 00 00 	mvi r1,0
 864:	2b 82 01 54 	lw r2,(sp+340)
 868:	fb ff fe bb 	calli 354 <update_display_criticalh>
 86c:	e0 00 00 07 	bi 888 <main+0x3d4>
 870:	34 01 00 00 	mvi r1,0
 874:	2b 82 01 54 	lw r2,(sp+340)
 878:	fb ff fe 5f 	calli 1f4 <update_display_criticall>
 87c:	34 01 00 00 	mvi r1,0
 880:	2b 82 01 54 	lw r2,(sp+340)
 884:	fb ff fe b4 	calli 354 <update_display_criticalh>
 888:	78 01 00 00 	mvhi r1,0x0
 88c:	38 21 0d b8 	ori r1,r1,0xdb8
 890:	28 22 00 00 	lw r2,(r1+0)
 894:	2b 81 01 54 	lw r1,(sp+340)
 898:	34 21 00 08 	addi r1,r1,8
 89c:	3c 21 00 02 	sli r1,r1,2
 8a0:	b4 41 08 00 	add r1,r2,r1
 8a4:	34 21 00 04 	addi r1,r1,4
 8a8:	28 22 00 00 	lw r2,(r1+0)
 8ac:	34 01 00 00 	mvi r1,0
 8b0:	5c 41 00 1a 	bne r2,r1,918 <main+0x464>
 8b4:	78 01 00 00 	mvhi r1,0x0
 8b8:	38 21 0d b4 	ori r1,r1,0xdb4
 8bc:	28 22 00 00 	lw r2,(r1+0)
 8c0:	2b 81 01 54 	lw r1,(sp+340)
 8c4:	3c 21 00 02 	sli r1,r1,2
 8c8:	b4 41 08 00 	add r1,r2,r1
 8cc:	34 21 00 04 	addi r1,r1,4
 8d0:	28 23 00 00 	lw r3,(r1+0)
 8d4:	2b 81 01 54 	lw r1,(sp+340)
 8d8:	3c 21 00 02 	sli r1,r1,2
 8dc:	3c 22 00 02 	sli r2,r1,2
 8e0:	c8 41 10 00 	sub r2,r2,r1
 8e4:	37 81 01 58 	addi r1,sp,344
 8e8:	b4 22 08 00 	add r1,r1,r2
 8ec:	34 21 ff 90 	addi r1,r1,-112
 8f0:	28 21 00 00 	lw r1,(r1+0)
 8f4:	48 23 00 05 	bg r1,r3,908 <main+0x454>
 8f8:	34 01 00 00 	mvi r1,0
 8fc:	2b 82 01 54 	lw r2,(sp+340)
 900:	fb ff fe 03 	calli 10c <update_display_state>
 904:	e0 00 00 6f 	bi ac0 <main+0x60c>
 908:	34 01 00 01 	mvi r1,1
 90c:	2b 82 01 54 	lw r2,(sp+340)
 910:	fb ff fd ff 	calli 10c <update_display_state>
 914:	e0 00 00 6b 	bi ac0 <main+0x60c>
 918:	34 01 00 00 	mvi r1,0
 91c:	5b 81 01 50 	sw (sp+336),r1
 920:	e0 00 00 65 	bi ab4 <main+0x600>
 924:	78 01 00 00 	mvhi r1,0x0
 928:	38 21 0d c4 	ori r1,r1,0xdc4
 92c:	28 21 00 00 	lw r1,(r1+0)
 930:	28 22 00 08 	lw r2,(r1+8)
 934:	2b 81 01 50 	lw r1,(sp+336)
 938:	3c 21 00 02 	sli r1,r1,2
 93c:	3c 23 00 03 	sli r3,r1,3
 940:	b4 23 08 00 	add r1,r1,r3
 944:	37 83 01 58 	addi r3,sp,344
 948:	b4 61 08 00 	add r1,r3,r1
 94c:	34 21 fe b8 	addi r1,r1,-328
 950:	28 21 00 00 	lw r1,(r1+0)
 954:	5c 41 00 2c 	bne r2,r1,a04 <main+0x550>
 958:	2b 81 01 54 	lw r1,(sp+340)
 95c:	34 23 00 01 	addi r3,r1,1
 960:	2b 82 01 50 	lw r2,(sp+336)
 964:	b8 40 08 00 	mv r1,r2
 968:	3c 21 00 03 	sli r1,r1,3
 96c:	b4 22 08 00 	add r1,r1,r2
 970:	b4 23 08 00 	add r1,r1,r3
 974:	3c 21 00 02 	sli r1,r1,2
 978:	37 82 01 58 	addi r2,sp,344
 97c:	b4 41 08 00 	add r1,r2,r1
 980:	34 21 fe b8 	addi r1,r1,-328
 984:	28 22 00 00 	lw r2,(r1+0)
 988:	34 01 00 01 	mvi r1,1
 98c:	5c 41 00 1a 	bne r2,r1,9f4 <main+0x540>
 990:	78 01 00 00 	mvhi r1,0x0
 994:	38 21 0d b4 	ori r1,r1,0xdb4
 998:	28 22 00 00 	lw r2,(r1+0)
 99c:	2b 81 01 54 	lw r1,(sp+340)
 9a0:	3c 21 00 02 	sli r1,r1,2
 9a4:	b4 41 08 00 	add r1,r2,r1
 9a8:	34 21 00 04 	addi r1,r1,4
 9ac:	28 23 00 00 	lw r3,(r1+0)
 9b0:	2b 81 01 54 	lw r1,(sp+340)
 9b4:	3c 21 00 02 	sli r1,r1,2
 9b8:	3c 22 00 02 	sli r2,r1,2
 9bc:	c8 41 10 00 	sub r2,r2,r1
 9c0:	37 81 01 58 	addi r1,sp,344
 9c4:	b4 22 08 00 	add r1,r1,r2
 9c8:	34 21 ff 98 	addi r1,r1,-104
 9cc:	28 21 00 00 	lw r1,(r1+0)
 9d0:	48 61 00 05 	bg r3,r1,9e4 <main+0x530>
 9d4:	34 01 00 01 	mvi r1,1
 9d8:	2b 82 01 54 	lw r2,(sp+340)
 9dc:	fb ff fd cc 	calli 10c <update_display_state>
 9e0:	e0 00 00 32 	bi aa8 <main+0x5f4>
 9e4:	34 01 00 00 	mvi r1,0
 9e8:	2b 82 01 54 	lw r2,(sp+340)
 9ec:	fb ff fd c8 	calli 10c <update_display_state>
 9f0:	e0 00 00 2e 	bi aa8 <main+0x5f4>
 9f4:	34 01 00 00 	mvi r1,0
 9f8:	2b 82 01 54 	lw r2,(sp+340)
 9fc:	fb ff fd c4 	calli 10c <update_display_state>
 a00:	e0 00 00 2a 	bi aa8 <main+0x5f4>
 a04:	78 01 00 00 	mvhi r1,0x0
 a08:	38 21 0d b4 	ori r1,r1,0xdb4
 a0c:	28 22 00 00 	lw r2,(r1+0)
 a10:	2b 81 01 54 	lw r1,(sp+340)
 a14:	3c 21 00 02 	sli r1,r1,2
 a18:	b4 41 08 00 	add r1,r2,r1
 a1c:	34 21 00 04 	addi r1,r1,4
 a20:	28 23 00 00 	lw r3,(r1+0)
 a24:	2b 81 01 54 	lw r1,(sp+340)
 a28:	3c 21 00 02 	sli r1,r1,2
 a2c:	3c 22 00 02 	sli r2,r1,2
 a30:	c8 41 10 00 	sub r2,r2,r1
 a34:	37 81 01 58 	addi r1,sp,344
 a38:	b4 22 08 00 	add r1,r1,r2
 a3c:	34 21 ff 94 	addi r1,r1,-108
 a40:	28 21 00 00 	lw r1,(r1+0)
 a44:	48 61 00 05 	bg r3,r1,a58 <main+0x5a4>
 a48:	34 01 00 01 	mvi r1,1
 a4c:	2b 82 01 54 	lw r2,(sp+340)
 a50:	fb ff fd af 	calli 10c <update_display_state>
 a54:	e0 00 00 15 	bi aa8 <main+0x5f4>
 a58:	78 01 00 00 	mvhi r1,0x0
 a5c:	38 21 0d b4 	ori r1,r1,0xdb4
 a60:	28 22 00 00 	lw r2,(r1+0)
 a64:	2b 81 01 54 	lw r1,(sp+340)
 a68:	3c 21 00 02 	sli r1,r1,2
 a6c:	b4 41 08 00 	add r1,r2,r1
 a70:	34 21 00 04 	addi r1,r1,4
 a74:	28 23 00 00 	lw r3,(r1+0)
 a78:	2b 81 01 54 	lw r1,(sp+340)
 a7c:	3c 21 00 02 	sli r1,r1,2
 a80:	3c 22 00 02 	sli r2,r1,2
 a84:	c8 41 10 00 	sub r2,r2,r1
 a88:	37 81 01 58 	addi r1,sp,344
 a8c:	b4 22 08 00 	add r1,r1,r2
 a90:	34 21 ff 98 	addi r1,r1,-104
 a94:	28 21 00 00 	lw r1,(r1+0)
 a98:	4c 23 00 04 	bge r1,r3,aa8 <main+0x5f4>
 a9c:	34 01 00 00 	mvi r1,0
 aa0:	2b 82 01 54 	lw r2,(sp+340)
 aa4:	fb ff fd 9a 	calli 10c <update_display_state>
 aa8:	2b 81 01 50 	lw r1,(sp+336)
 aac:	34 21 00 01 	addi r1,r1,1
 ab0:	5b 81 01 50 	sw (sp+336),r1
 ab4:	2b 81 01 50 	lw r1,(sp+336)
 ab8:	34 02 00 05 	mvi r2,5
 abc:	4c 41 ff 9a 	bge r2,r1,924 <main+0x470>
 ac0:	2b 81 01 54 	lw r1,(sp+340)
 ac4:	34 21 00 01 	addi r1,r1,1
 ac8:	5b 81 01 54 	sw (sp+340),r1
 acc:	2b 81 01 54 	lw r1,(sp+340)
 ad0:	34 02 00 07 	mvi r2,7
 ad4:	4c 41 ff 37 	bge r2,r1,7b0 <main+0x2fc>
 ad8:	e3 ff ff 33 	bi 7a4 <main+0x2f0>

00000adc <sleep>:
 adc:	37 9c ff f4 	addi sp,sp,-12
 ae0:	5b 9d 00 04 	sw (sp+4),ra
 ae4:	5b 81 00 08 	sw (sp+8),r1
 ae8:	78 01 00 00 	mvhi r1,0x0
 aec:	38 21 0d c0 	ori r1,r1,0xdc0
 af0:	28 21 00 00 	lw r1,(r1+0)
 af4:	2b 83 00 08 	lw r3,(sp+8)
 af8:	38 02 c3 50 	mvu r2,0xc350
 afc:	88 62 10 00 	mul r2,r3,r2
 b00:	58 22 00 10 	sw (r1+16),r2
 b04:	78 01 00 00 	mvhi r1,0x0
 b08:	38 21 0d c0 	ori r1,r1,0xdc0
 b0c:	28 21 00 00 	lw r1,(r1+0)
 b10:	34 02 00 00 	mvi r2,0
 b14:	58 22 00 14 	sw (r1+20),r2
 b18:	78 01 00 00 	mvhi r1,0x0
 b1c:	38 21 0d c0 	ori r1,r1,0xdc0
 b20:	28 21 00 00 	lw r1,(r1+0)
 b24:	34 02 00 0a 	mvi r2,10
 b28:	58 22 00 0c 	sw (r1+12),r2
 b2c:	78 01 00 00 	mvhi r1,0x0
 b30:	38 21 0d c0 	ori r1,r1,0xdc0
 b34:	28 21 00 00 	lw r1,(r1+0)
 b38:	28 21 00 0c 	lw r1,(r1+12)
 b3c:	5b 81 00 0c 	sw (sp+12),r1
 b40:	2b 81 00 0c 	lw r1,(sp+12)
 b44:	20 22 00 01 	andi r2,r1,0x1
 b48:	34 01 00 00 	mvi r1,0
 b4c:	44 41 ff f8 	be r2,r1,b2c <sleep+0x50>
 b50:	2b 9d 00 04 	lw ra,(sp+4)
 b54:	37 9c 00 0c 	addi sp,sp,12
 b58:	c3 a0 00 00 	ret

00000b5c <tic_init>:
 b5c:	37 9c ff fc 	addi sp,sp,-4
 b60:	5b 9d 00 04 	sw (sp+4),ra
 b64:	78 01 00 00 	mvhi r1,0x0
 b68:	38 21 0d c0 	ori r1,r1,0xdc0
 b6c:	28 21 00 00 	lw r1,(r1+0)
 b70:	38 02 c3 50 	mvu r2,0xc350
 b74:	58 22 00 04 	sw (r1+4),r2
 b78:	78 01 00 00 	mvhi r1,0x0
 b7c:	38 21 0d c0 	ori r1,r1,0xdc0
 b80:	28 21 00 00 	lw r1,(r1+0)
 b84:	34 02 00 00 	mvi r2,0
 b88:	58 22 00 08 	sw (r1+8),r2
 b8c:	78 01 00 00 	mvhi r1,0x0
 b90:	38 21 0d c0 	ori r1,r1,0xdc0
 b94:	28 21 00 00 	lw r1,(r1+0)
 b98:	34 02 00 0e 	mvi r2,14
 b9c:	58 22 00 00 	sw (r1+0),r2
 ba0:	2b 9d 00 04 	lw ra,(sp+4)
 ba4:	37 9c 00 04 	addi sp,sp,4
 ba8:	c3 a0 00 00 	ret

00000bac <uart_init>:
 bac:	37 9c ff fc 	addi sp,sp,-4
 bb0:	5b 9d 00 04 	sw (sp+4),ra
 bb4:	2b 9d 00 04 	lw ra,(sp+4)
 bb8:	37 9c 00 04 	addi sp,sp,4
 bbc:	c3 a0 00 00 	ret

00000bc0 <uart_getchar>:
 bc0:	37 9c ff fc 	addi sp,sp,-4
 bc4:	5b 9d 00 04 	sw (sp+4),ra
 bc8:	34 00 00 00 	nop
 bcc:	78 01 00 00 	mvhi r1,0x0
 bd0:	38 21 0d bc 	ori r1,r1,0xdbc
 bd4:	28 21 00 00 	lw r1,(r1+0)
 bd8:	28 21 00 00 	lw r1,(r1+0)
 bdc:	20 22 00 01 	andi r2,r1,0x1
 be0:	34 01 00 00 	mvi r1,0
 be4:	44 41 ff fa 	be r2,r1,bcc <uart_getchar+0xc>
 be8:	78 01 00 00 	mvhi r1,0x0
 bec:	38 21 0d bc 	ori r1,r1,0xdbc
 bf0:	28 21 00 00 	lw r1,(r1+0)
 bf4:	28 21 00 04 	lw r1,(r1+4)
 bf8:	20 21 00 ff 	andi r1,r1,0xff
 bfc:	2b 9d 00 04 	lw ra,(sp+4)
 c00:	37 9c 00 04 	addi sp,sp,4
 c04:	c3 a0 00 00 	ret

00000c08 <uart_putchar>:
 c08:	37 9c ff f8 	addi sp,sp,-8
 c0c:	5b 9d 00 04 	sw (sp+4),ra
 c10:	33 81 00 08 	sb (sp+8),r1
 c14:	34 00 00 00 	nop
 c18:	78 01 00 00 	mvhi r1,0x0
 c1c:	38 21 0d bc 	ori r1,r1,0xdbc
 c20:	28 21 00 00 	lw r1,(r1+0)
 c24:	28 21 00 00 	lw r1,(r1+0)
 c28:	20 22 00 10 	andi r2,r1,0x10
 c2c:	34 01 00 00 	mvi r1,0
 c30:	5c 41 ff fa 	bne r2,r1,c18 <uart_putchar+0x10>
 c34:	78 01 00 00 	mvhi r1,0x0
 c38:	38 21 0d bc 	ori r1,r1,0xdbc
 c3c:	28 21 00 00 	lw r1,(r1+0)
 c40:	43 82 00 08 	lbu r2,(sp+8)
 c44:	58 22 00 04 	sw (r1+4),r2
 c48:	2b 9d 00 04 	lw ra,(sp+4)
 c4c:	37 9c 00 08 	addi sp,sp,8
 c50:	c3 a0 00 00 	ret

00000c54 <uart_putstr>:
 c54:	37 9c ff f4 	addi sp,sp,-12
 c58:	5b 9d 00 04 	sw (sp+4),ra
 c5c:	5b 81 00 08 	sw (sp+8),r1
 c60:	2b 81 00 08 	lw r1,(sp+8)
 c64:	5b 81 00 0c 	sw (sp+12),r1
 c68:	e0 00 00 07 	bi c84 <uart_putstr+0x30>
 c6c:	2b 81 00 0c 	lw r1,(sp+12)
 c70:	40 21 00 00 	lbu r1,(r1+0)
 c74:	fb ff ff e5 	calli c08 <uart_putchar>
 c78:	2b 81 00 0c 	lw r1,(sp+12)
 c7c:	34 21 00 01 	addi r1,r1,1
 c80:	5b 81 00 0c 	sw (sp+12),r1
 c84:	2b 81 00 0c 	lw r1,(sp+12)
 c88:	40 22 00 00 	lbu r2,(r1+0)
 c8c:	34 01 00 00 	mvi r1,0
 c90:	5c 41 ff f7 	bne r2,r1,c6c <uart_putstr+0x18>
 c94:	2b 9d 00 04 	lw ra,(sp+4)
 c98:	37 9c 00 0c 	addi sp,sp,12
 c9c:	c3 a0 00 00 	ret
