\BOOKMARK [1][-]{section.1}{Objetivo General}{}% 1
\BOOKMARK [1][-]{section.2}{Objetivos Espec\355ficos}{}% 2
\BOOKMARK [1][-]{section.3}{Introducci\363n}{}% 3
\BOOKMARK [1][-]{section.4}{Materiales}{}% 4
\BOOKMARK [1][-]{section.5}{Procedimiento}{}% 5
\BOOKMARK [2][-]{subsection.5.1}{MIPS32 Y SPIM}{section.5}% 6
\BOOKMARK [3][-]{subsubsection.5.1.1}{Archivos assembly de QTSPIM}{subsection.5.1}% 7
\BOOKMARK [3][-]{subsubsection.5.1.2}{Interfaz de QTSpim}{subsection.5.1}% 8
\BOOKMARK [3][-]{subsubsection.5.1.3}{Set de instrucciones para QTSpim}{subsection.5.1}% 9
\BOOKMARK [2][-]{subsection.5.2}{El proceso de Compilaci\363n}{section.5}% 10
\BOOKMARK [3][-]{subsubsection.5.2.1}{\277C\363mo es el proceso de compilaci\363n?}{subsection.5.2}% 11
\BOOKMARK [3][-]{subsubsection.5.2.2}{\277Qu\351 es un linker?}{subsection.5.2}% 12
\BOOKMARK [3][-]{subsubsection.5.2.3}{\277Qu\351 es un archivo objeto?}{subsection.5.2}% 13
\BOOKMARK [2][-]{subsection.5.3}{Lenguaje ensamblador, subrutinas e interrupciones}{section.5}% 14
\BOOKMARK [3][-]{subsubsection.5.3.1}{Lenguaje Ensamblador}{subsection.5.3}% 15
\BOOKMARK [3][-]{subsubsection.5.3.2}{Ensamblador VS Alto nivel}{subsection.5.3}% 16
\BOOKMARK [3][-]{subsubsection.5.3.3}{Subrutinas}{subsection.5.3}% 17
\BOOKMARK [3][-]{subsubsection.5.3.4}{Interrupci\363n}{subsection.5.3}% 18
\BOOKMARK [3][-]{subsubsection.5.3.5}{\215Hello World\216 en assembly}{subsection.5.3}% 19
\BOOKMARK [2][-]{subsection.5.4}{Aplicaci\363n del lenguaje ensamblador en SPIM}{section.5}% 20
\BOOKMARK [3][-]{subsubsection.5.4.1}{Algoritmo de la multiplicaci\363n}{subsection.5.4}% 21
\BOOKMARK [1][-]{section.6}{Conclusiones}{}% 22
\BOOKMARK [1][-]{section*.1}{Referencias}{}% 23
