
image:     file format elf32-lm32

Sections:
Idx Name          Size      VMA       LMA       File off  Algn
  0 .text         00000264  00000000  00000000  00000054  2**2
                  CONTENTS, ALLOC, LOAD, CODE
  1 .rodata       0000001c  00000264  00000264  000002b8  2**2
                  CONTENTS, ALLOC, LOAD, READONLY, DATA
  2 .data         0000000c  00000280  00000280  000002d4  2**2
                  CONTENTS, ALLOC, LOAD, DATA
  3 .bss          00000004  0000028c  0000028c  000002e0  2**2
                  ALLOC
  4 .debug_abbrev 000001f4  00000000  00000000  000002e0  2**0
                  CONTENTS, READONLY, DEBUGGING
  5 .debug_info   00000402  00000000  00000000  000004d4  2**0
                  CONTENTS, READONLY, DEBUGGING
  6 .debug_line   00000274  00000000  00000000  000008d6  2**0
                  CONTENTS, READONLY, DEBUGGING
  7 .debug_frame  000000a0  00000000  00000000  00000b4c  2**2
                  CONTENTS, READONLY, DEBUGGING
  8 .debug_loc    0000019a  00000000  00000000  00000bec  2**0
                  CONTENTS, READONLY, DEBUGGING
  9 .debug_pubnames 000000bc  00000000  00000000  00000d86  2**0
                  CONTENTS, READONLY, DEBUGGING
 10 .debug_pubtypes 00000077  00000000  00000000  00000e42  2**0
                  CONTENTS, READONLY, DEBUGGING
 11 .debug_aranges 00000040  00000000  00000000  00000eb9  2**0
                  CONTENTS, READONLY, DEBUGGING
 12 .debug_str    0000017f  00000000  00000000  00000ef9  2**0
                  CONTENTS, READONLY, DEBUGGING
 13 .comment      00000027  00000000  00000000  00001078  2**0
                  CONTENTS, READONLY

Disassembly of section .text:

00000000 <_ftext>:
   0:	98 00 00 00 	xor r0,r0,r0
   4:	d0 00 00 00 	wcsr IE,r0
   8:	78 01 00 00 	mvhi r1,0x0
   c:	38 21 00 00 	ori r1,r1,0x0
  10:	d0 e1 00 00 	wcsr EBA,r1
  14:	f8 00 00 03 	calli 20 <_crt0>
  18:	34 00 00 00 	nop
  1c:	34 00 00 00 	nop

00000020 <_crt0>:
  20:	78 1c 00 00 	mvhi sp,0x0
  24:	3b 9c 0f fc 	ori sp,sp,0xffc
  28:	78 1a 00 00 	mvhi gp,0x0
  2c:	3b 5a 02 90 	ori gp,gp,0x290
  30:	78 01 00 00 	mvhi r1,0x0
  34:	38 21 02 8c 	ori r1,r1,0x28c
  38:	78 03 00 00 	mvhi r3,0x0
  3c:	38 63 02 90 	ori r3,r3,0x290

00000040 <.clearBSS>:
  40:	44 23 00 04 	be r1,r3,50 <.callMain>
  44:	58 20 00 00 	sw (r1+0),r0
  48:	34 21 00 04 	addi r1,r1,4
  4c:	e3 ff ff fd 	bi 40 <.clearBSS>

00000050 <.callMain>:
  50:	34 01 00 00 	mvi r1,0
  54:	34 02 00 00 	mvi r2,0
  58:	34 03 00 00 	mvi r3,0
  5c:	f8 00 00 1c 	calli cc <main>

00000060 <irq_enable>:
  60:	34 01 00 01 	mvi r1,1
  64:	d0 01 00 00 	wcsr IE,r1
  68:	c3 a0 00 00 	ret

0000006c <irq_mask>:
  6c:	34 01 00 0f 	mvi r1,15
  70:	d0 21 00 00 	wcsr IM,r1
  74:	c3 a0 00 00 	ret

00000078 <irq_disable>:
  78:	34 01 00 00 	mvi r1,0
  7c:	d0 01 00 00 	wcsr IE,r1
  80:	c3 a0 00 00 	ret

00000084 <jump>:
  84:	c0 20 00 00 	b r1

00000088 <halt>:
  88:	e0 00 00 00 	bi 88 <halt>

0000008c <read_uint32>:
 */
#include "soc-hw.h"

/* prototypes */
uint32_t read_uint32()
{
  8c:	37 9c ff f4 	addi sp,sp,-12
  90:	5b 8b 00 0c 	sw (sp+12),r11
  94:	5b 8c 00 08 	sw (sp+8),r12
  98:	5b 9d 00 04 	sw (sp+4),ra
  9c:	34 0b 00 04 	mvi r11,4
	uint32_t val = 0, i;
  a0:	34 01 00 00 	mvi r1,0

    for (i = 0; i < 4; i++) {
        val <<= 8;
  a4:	3c 2c 00 08 	sli r12,r1,8
        val += (uint8_t)uart_getchar();
  a8:	35 6b ff ff 	addi r11,r11,-1
  ac:	f8 00 00 4f 	calli 1e8 <uart_getchar>
  b0:	b4 2c 08 00 	add r1,r1,r12
/* prototypes */
uint32_t read_uint32()
{
	uint32_t val = 0, i;

    for (i = 0; i < 4; i++) {
  b4:	5d 60 ff fc 	bne r11,r0,a4 <read_uint32+0x18>
        val <<= 8;
        val += (uint8_t)uart_getchar();
    }

    return val;
}
  b8:	2b 9d 00 04 	lw ra,(sp+4)
  bc:	2b 8b 00 0c 	lw r11,(sp+12)
  c0:	2b 8c 00 08 	lw r12,(sp+8)
  c4:	37 9c 00 0c 	addi sp,sp,12
  c8:	c3 a0 00 00 	ret

000000cc <main>:

int main(int argc, char **argv)
{
  cc:	37 9c ff e4 	addi sp,sp,-28
  d0:	5b 8b 00 1c 	sw (sp+28),r11
  d4:	5b 8c 00 18 	sw (sp+24),r12
  d8:	5b 8d 00 14 	sw (sp+20),r13
  dc:	5b 8e 00 10 	sw (sp+16),r14
  e0:	5b 8f 00 0c 	sw (sp+12),r15
  e4:	5b 90 00 08 	sw (sp+8),r16
  e8:	5b 9d 00 04 	sw (sp+4),ra
	int8_t  *p;
	uint8_t  c;

	// Initialize UART
	uart_init();
  ec:	f8 00 00 3e 	calli 1e4 <uart_init>
  f0:	78 10 00 00 	mvhi r16,0x0

	c = '*'; // print msg on first iteration
  f4:	34 01 00 2a 	mvi r1,42
	for(;;) {
		uint32_t start, size; 

		switch (c) {
  f8:	34 0d 00 67 	mvi r13,103
  fc:	3a 10 02 64 	ori r16,r16,0x264
 100:	34 0e 00 75 	mvi r14,117
 104:	34 0f 00 64 	mvi r15,100
 108:	44 2d 00 07 	be r1,r13,124 <main+0x58>
 10c:	44 2e 00 15 	be r1,r14,160 <main+0x94>
 110:	44 2f 00 09 	be r1,r15,134 <main+0x68>
    		case 'g': // goto
    			start = read_uint32();
    			jump(start);
    			break;   
		default:
			uart_putstr("**SAKC/bootloader** > \r\n");
 114:	ba 00 08 00 	mv r1,r16
 118:	f8 00 00 46 	calli 230 <uart_putstr>
			break;
		};
		c = uart_getchar();
 11c:	f8 00 00 33 	calli 1e8 <uart_getchar>

	c = '*'; // print msg on first iteration
	for(;;) {
		uint32_t start, size; 

		switch (c) {
 120:	5c 2d ff fb 	bne r1,r13,10c <main+0x40>
    			size  = read_uint32();
    			for (p = (int8_t *) start; p < (int8_t *) (start+size); p++)
				uart_putchar( *p );
    			break;
    		case 'g': // goto
    			start = read_uint32();
 124:	fb ff ff da 	calli 8c <read_uint32>
    			jump(start);
 128:	fb ff ff d7 	calli 84 <jump>
    			break;   
		default:
			uart_putstr("**SAKC/bootloader** > \r\n");
			break;
		};
		c = uart_getchar();
 12c:	f8 00 00 2f 	calli 1e8 <uart_getchar>
 130:	e3 ff ff fc 	bi 120 <main+0x54>
    			size  = read_uint32();
    			for (p = (int8_t *) start; p < (int8_t *) (start+size); p++)
    				*p = uart_getchar();
    			break;
		case 'd': // download
    			start = read_uint32();
 134:	fb ff ff d6 	calli 8c <read_uint32>
    			size  = read_uint32();
    			for (p = (int8_t *) start; p < (int8_t *) (start+size); p++)
 138:	b8 20 58 00 	mv r11,r1
    			for (p = (int8_t *) start; p < (int8_t *) (start+size); p++)
    				*p = uart_getchar();
    			break;
		case 'd': // download
    			start = read_uint32();
    			size  = read_uint32();
 13c:	fb ff ff d4 	calli 8c <read_uint32>
    			for (p = (int8_t *) start; p < (int8_t *) (start+size); p++)
 140:	b5 61 60 00 	add r12,r11,r1
 144:	51 6c ff f6 	bgeu r11,r12,11c <main+0x50>
				uart_putchar( *p );
 148:	41 61 00 00 	lbu r1,(r11+0)
    				*p = uart_getchar();
    			break;
		case 'd': // download
    			start = read_uint32();
    			size  = read_uint32();
    			for (p = (int8_t *) start; p < (int8_t *) (start+size); p++)
 14c:	35 6b 00 01 	addi r11,r11,1
				uart_putchar( *p );
 150:	f8 00 00 2f 	calli 20c <uart_putchar>
    				*p = uart_getchar();
    			break;
		case 'd': // download
    			start = read_uint32();
    			size  = read_uint32();
    			for (p = (int8_t *) start; p < (int8_t *) (start+size); p++)
 154:	55 8b ff fd 	bgu r12,r11,148 <main+0x7c>
    			break;   
		default:
			uart_putstr("**SAKC/bootloader** > \r\n");
			break;
		};
		c = uart_getchar();
 158:	f8 00 00 24 	calli 1e8 <uart_getchar>
 15c:	e3 ff ff f1 	bi 120 <main+0x54>
	for(;;) {
		uint32_t start, size; 

		switch (c) {
    		case 'u': // upload 
    			start = read_uint32();
 160:	fb ff ff cb 	calli 8c <read_uint32>
    			size  = read_uint32();
    			for (p = (int8_t *) start; p < (int8_t *) (start+size); p++)
 164:	b8 20 58 00 	mv r11,r1
		uint32_t start, size; 

		switch (c) {
    		case 'u': // upload 
    			start = read_uint32();
    			size  = read_uint32();
 168:	fb ff ff c9 	calli 8c <read_uint32>
    			for (p = (int8_t *) start; p < (int8_t *) (start+size); p++)
 16c:	b5 61 60 00 	add r12,r11,r1
 170:	51 6c ff eb 	bgeu r11,r12,11c <main+0x50>
    				*p = uart_getchar();
 174:	f8 00 00 1d 	calli 1e8 <uart_getchar>
 178:	31 61 00 00 	sb (r11+0),r1

		switch (c) {
    		case 'u': // upload 
    			start = read_uint32();
    			size  = read_uint32();
    			for (p = (int8_t *) start; p < (int8_t *) (start+size); p++)
 17c:	35 6b 00 01 	addi r11,r11,1
 180:	55 8b ff fd 	bgu r12,r11,174 <main+0xa8>
    			break;   
		default:
			uart_putstr("**SAKC/bootloader** > \r\n");
			break;
		};
		c = uart_getchar();
 184:	f8 00 00 19 	calli 1e8 <uart_getchar>
 188:	e3 ff ff e6 	bi 120 <main+0x54>

0000018c <sleep>:
void sleep(int msec)
{
	uint32_t tcr;

	// Use timer0.1
	timer0->compare1 = (FCPU/1000)*msec;
 18c:	78 02 00 00 	mvhi r2,0x0
 190:	38 42 02 84 	ori r2,r2,0x284
 194:	38 03 c3 50 	mvu r3,0xc350
 198:	28 42 00 00 	lw r2,(r2+0)
 19c:	88 23 08 00 	mul r1,r1,r3
 1a0:	58 41 00 10 	sw (r2+16),r1
	timer0->counter1 = 0;
 1a4:	58 40 00 14 	sw (r2+20),r0
	timer0->tcr1 = TIMER_EN | TIMER_IRQEN;
 1a8:	34 01 00 0a 	mvi r1,10
 1ac:	58 41 00 0c 	sw (r2+12),r1

	do {
		//halt();
 		tcr = timer0->tcr1;
 1b0:	28 41 00 0c 	lw r1,(r2+12)
 	} while ( ! (tcr & TIMER_TRIG) );
 1b4:	20 21 00 01 	andi r1,r1,0x1
 1b8:	44 20 ff fe 	be r1,r0,1b0 <sleep+0x24>
}
 1bc:	c3 a0 00 00 	ret

000001c0 <tic_init>:

void tic_init()
{
	// Setup timer0.0
	timer0->compare0 = (FCPU/1000);
 1c0:	78 01 00 00 	mvhi r1,0x0
 1c4:	38 21 02 84 	ori r1,r1,0x284
 1c8:	28 21 00 00 	lw r1,(r1+0)
 1cc:	38 02 c3 50 	mvu r2,0xc350
 1d0:	58 22 00 04 	sw (r1+4),r2
	timer0->counter0 = 0;
 1d4:	58 20 00 08 	sw (r1+8),r0
	timer0->tcr0     = TIMER_EN | TIMER_AR | TIMER_IRQEN;
 1d8:	34 02 00 0e 	mvi r2,14
 1dc:	58 22 00 00 	sw (r1+0),r2
}
 1e0:	c3 a0 00 00 	ret

000001e4 <uart_init>:
	//uart0->lcr = 0x03;  // Line Control Register:    8N1
	//uart0->mcr = 0x00;  // Modem Control Register

	// Setup Divisor register (Fclk / Baud)
	//uart0->div = (FCPU/(57600*16));
}
 1e4:	c3 a0 00 00 	ret

000001e8 <uart_getchar>:

char uart_getchar()
{   
 1e8:	78 01 00 00 	mvhi r1,0x0
 1ec:	38 21 02 80 	ori r1,r1,0x280
 1f0:	28 22 00 00 	lw r2,(r1+0)
	while (! (uart0->ucr & UART_DR)) ;
 1f4:	28 41 00 00 	lw r1,(r2+0)
 1f8:	20 21 00 01 	andi r1,r1,0x1
 1fc:	44 20 ff fe 	be r1,r0,1f4 <uart_getchar+0xc>
	return uart0->rxtx;
 200:	28 41 00 04 	lw r1,(r2+4)
}
 204:	20 21 00 ff 	andi r1,r1,0xff
 208:	c3 a0 00 00 	ret

0000020c <uart_putchar>:

void uart_putchar(char c)
{
 20c:	78 02 00 00 	mvhi r2,0x0
 210:	38 42 02 80 	ori r2,r2,0x280
 214:	28 43 00 00 	lw r3,(r2+0)
 218:	20 21 00 ff 	andi r1,r1,0xff
	while (uart0->ucr & UART_BUSY) ;
 21c:	28 62 00 00 	lw r2,(r3+0)
 220:	20 42 00 10 	andi r2,r2,0x10
 224:	5c 40 ff fe 	bne r2,r0,21c <uart_putchar+0x10>
	uart0->rxtx = c;
 228:	58 61 00 04 	sw (r3+4),r1
}
 22c:	c3 a0 00 00 	ret

00000230 <uart_putstr>:

void uart_putstr(char *str)
{
	char *c = str;
	while(*c) {
 230:	40 24 00 00 	lbu r4,(r1+0)
 234:	44 80 00 0b 	be r4,r0,260 <uart_putstr+0x30>
 238:	78 02 00 00 	mvhi r2,0x0
 23c:	38 42 02 80 	ori r2,r2,0x280
 240:	28 43 00 00 	lw r3,(r2+0)
	return uart0->rxtx;
}

void uart_putchar(char c)
{
	while (uart0->ucr & UART_BUSY) ;
 244:	28 62 00 00 	lw r2,(r3+0)
 248:	20 42 00 10 	andi r2,r2,0x10
 24c:	5c 40 ff fe 	bne r2,r0,244 <uart_putstr+0x14>
	uart0->rxtx = c;
 250:	58 64 00 04 	sw (r3+4),r4
void uart_putstr(char *str)
{
	char *c = str;
	while(*c) {
		uart_putchar(*c);
		c++;
 254:	34 21 00 01 	addi r1,r1,1
}

void uart_putstr(char *str)
{
	char *c = str;
	while(*c) {
 258:	40 24 00 00 	lbu r4,(r1+0)
 25c:	5c 82 ff fa 	bne r4,r2,244 <uart_putstr+0x14>
 260:	c3 a0 00 00 	ret
